<?xml version="1.0" encoding="UTF-8"?>
<testsuite xmlns:xsi="http://www.w3.org/2001/XMLSchema-instance" xsi:noNamespaceSchemaLocation="https://maven.apache.org/surefire/maven-surefire-plugin/xsd/surefire-test-report-3.0.xsd" version="3.0" name="Functional testing on Orange HRM" time="60.324" tests="3" errors="2" skipped="0" failures="0">
  <properties>
[...]
</properties>
  <testcase name="Adding a new employee" classname="Functional testing on Orange HRM" time="25.017">
    <system-out><![CDATA[
@TC200 @Smoke @Regression
Scenario: Adding a new employee                                 &amp#27;[90m# src/test/resources/OrangeHRM.feature:17&amp#27;[0m
2022-10-14 16:43:47 INFO  Hooks:18 - Driver is successfully started
vBrowser is launced and testing started
  &amp#27;[32mGiven &amp#27;[0m&amp#27;[32mThe user wants to go to OrangeHRM Website&amp#27;[0m               &amp#27;[90m# Code.stepsDefinitions.OrangeHRMSteps.the_user_wants_to_go_to_orange_hrm_website()&amp#27;[0m
2022-10-14 16:43:52 INFO  OrangeHRMSteps:39 - username and password provided successfully
v  &amp#27;[32mWhen &amp#27;[0m&amp#27;[32mThe user wants to enter Username and Password&amp#27;[0m            &amp#27;[90m# Code.stepsDefinitions.OrangeHRMSteps.the_user_wants_to_enter_username_and_password()&amp#27;[0m
  &amp#27;[32mThen &amp#27;[0m&amp#27;[32mThe user wants to click on Login button&amp#27;[0m                  &amp#27;[90m# Code.stepsDefinitions.OrangeHRMSteps.the_user_wants_to_click_on_login_button()&amp#27;[0m
Verification is success and test is ending for this step
  &amp#27;[32mAnd &amp#27;[0m&amp#27;[32mThe user wants to verify that browser landed on Dashboard&amp#27;[0m &amp#27;[90m# Code.stepsDefinitions.OrangeHRMSteps.the_user_wants_to_verify_that_browser_landed_on_dashboard()&amp#27;[0m
  &amp#27;[32mThen &amp#27;[0m&amp#27;[32mThe user wants to click on PIM module&amp#27;[0m                    &amp#27;[90m# Code.stepsDefinitions.OrangeHRMSteps.the_user_wants_to_click_on_pim_module()&amp#27;[0m
  &amp#27;[32mAnd &amp#27;[0m&amp#27;[32mThe user wants to go to Add Employee Page&amp#27;[0m                 &amp#27;[90m# Code.stepsDefinitions.OrangeHRMSteps.the_user_wants_to_go_to_add_employee_page()&amp#27;[0m
2022-10-14 16:44:00 INFO  OrangeHRMHome:63 - Bahar is successfully entered
v  &amp#27;[32mThen &amp#27;[0m&amp#27;[32mThe user wants to add first name as &amp#27;[0m&amp#27;[32m&amp#27;[1m"Bahar"&amp#27;[0m              &amp#27;[90m# Code.stepsDefinitions.OrangeHRMSteps.the_user_wants_to_add_first_name_as(java.lang.String)&amp#27;[0m
2022-10-14 16:44:00 INFO  OrangeHRMHome:69 - Reanstech is successfully entered
v  &amp#27;[32mThen &amp#27;[0m&amp#27;[32mThe user wants to add last name as &amp#27;[0m&amp#27;[32m&amp#27;[1m"Reanstech"&amp#27;[0m           &amp#27;[90m# Code.stepsDefinitions.OrangeHRMSteps.the_user_wants_to_add_last_name_as(java.lang.String)&amp#27;[0m
2022-10-14 16:44:03 INFO  OrangeHRMHome:74 - save button successfully clicked
v  &amp#27;[32mThen &amp#27;[0m&amp#27;[32mThe user wants to save personal information&amp#27;[0m              &amp#27;[90m# Code.stepsDefinitions.OrangeHRMSteps.the_user_wants_to_save_personal_information()&amp#27;[0m
2022-10-14 16:44:05 INFO  OrangeHRMHome:79 - Personal Details is expected header and successfully verified
v  &amp#27;[32mThen &amp#27;[0m&amp#27;[32mThe user should be able to see &amp#27;[0m&amp#27;[32m&amp#27;[1m"Personal Details"&amp#27;[0m        &amp#27;[90m# Code.stepsDefinitions.OrangeHRMSteps.the_user_should_be_able_to_see(java.lang.String)&amp#27;[0m
]]></system-out>
    <system-err><![CDATA[SLF4J: Failed to load class "org.slf4j.impl.StaticLoggerBinder".
SLF4J: Defaulting to no-operation (NOP) logger implementation
SLF4J: See http://www.slf4j.org/codes.html#StaticLoggerBinder for further details.
Starting ChromeDriver 106.0.5249.61 (511755355844955cd3e264779baf0dd38212a4d0-refs/branch-heads/5249@{#569}) on port 7999
Only local connections are allowed.
Please see https://chromedriver.chromium.org/security-considerations for suggestions on keeping ChromeDriver safe.
ChromeDriver was started successfully.
Oct 14, 2022 4:43:46 PM org.openqa.selenium.remote.ProtocolHandshake createSession
INFO: Detected dialect: W3C
]]></system-err>
  </testcase>
  <testcase name="Adding new employee-create login details" classname="Functional testing on Orange HRM" time="17.855">
    <error message="no such element: Unable to locate element: {&quot;method&quot;:&quot;xpath&quot;,&quot;selector&quot;:&quot;//h1[.=&apos;Personal Details&apos;]&quot;}&#10;  (Session info: chrome=106.0.5249.119)&#10;For documentation on this error, please visit: https://www.seleniumhq.org/exceptions/no_such_element.html&#10;Build info: version: &apos;3.141.59&apos;, revision: &apos;e82be7d358&apos;, time: &apos;2018-11-14T08:17:03&apos;&#10;System info: host: &apos;Jacquelines-MacBook-Air.local&apos;, ip: &apos;2601:646:4100:2a0:8414:3d93:b4f2:ba17%en0&apos;, os.name: &apos;Mac OS X&apos;, os.arch: &apos;x86_64&apos;, os.version: &apos;12.5.1&apos;, java.version: &apos;1.8.0_331&apos;&#10;Driver info: org.openqa.selenium.chrome.ChromeDriver&#10;Capabilities {acceptInsecureCerts: false, browserName: chrome, browserVersion: 106.0.5249.119, chrome: {chromedriverVersion: 106.0.5249.61 (511755355844..., userDataDir: /var/folders/xz/12dlj9c50f5...}, goog:chromeOptions: {debuggerAddress: localhost:61509}, javascriptEnabled: true, networkConnectionEnabled: false, pageLoadStrategy: normal, platform: MAC, platformName: MAC, proxy: Proxy(), setWindowRect: true, strictFileInteractability: false, timeouts: {implicit: 0, pageLoad: 300000, script: 30000}, unhandledPromptBehavior: dismiss and notify, webauthn:extension:credBlob: true, webauthn:extension:largeBlob: true, webauthn:virtualAuthenticators: true}&#10;Session ID: 40e3128d61455a545436b98ac3753853&#10;*** Element info: {Using=xpath, value=//h1[.=&apos;Personal Details&apos;]}" type="org.openqa.selenium.NoSuchElementException"><![CDATA[org.openqa.selenium.NoSuchElementException: 
no such element: Unable to locate element: {"method":"xpath","selector":"//h1[.='Personal Details']"}
  (Session info: chrome=106.0.5249.119)
For documentation on this error, please visit: https://www.seleniumhq.org/exceptions/no_such_element.html
Build info: version: '3.141.59', revision: 'e82be7d358', time: '2018-11-14T08:17:03'
System info: host: 'Jacquelines-MacBook-Air.local', ip: '2601:646:4100:2a0:8414:3d93:b4f2:ba17%en0', os.name: 'Mac OS X', os.arch: 'x86_64', os.version: '12.5.1', java.version: '1.8.0_331'
Driver info: org.openqa.selenium.chrome.ChromeDriver
Capabilities {acceptInsecureCerts: false, browserName: chrome, browserVersion: 106.0.5249.119, chrome: {chromedriverVersion: 106.0.5249.61 (511755355844..., userDataDir: /var/folders/xz/12dlj9c50f5...}, goog:chromeOptions: {debuggerAddress: localhost:61509}, javascriptEnabled: true, networkConnectionEnabled: false, pageLoadStrategy: normal, platform: MAC, platformName: MAC, proxy: Proxy(), setWindowRect: true, strictFileInteractability: false, timeouts: {implicit: 0, pageLoad: 300000, script: 30000}, unhandledPromptBehavior: dismiss and notify, webauthn:extension:credBlob: true, webauthn:extension:largeBlob: true, webauthn:virtualAuthenticators: true}
Session ID: 40e3128d61455a545436b98ac3753853
*** Element info: {Using=xpath, value=//h1[.='Personal Details']}
]]></error>
    <system-out><![CDATA[
@TC300 @Smoke @Regression
Scenario: Adding new employee-create login details                       &amp#27;[90m# src/test/resources/OrangeHRM.feature:31&amp#27;[0m
2022-10-14 16:44:05 INFO  Hooks:18 - Driver is successfully started
vBrowser is launced and testing started
  &amp#27;[32mGiven &amp#27;[0m&amp#27;[32mThe user wants to go to OrangeHRM Website&amp#27;[0m                        &amp#27;[90m# Code.stepsDefinitions.OrangeHRMSteps.the_user_wants_to_go_to_orange_hrm_website()&amp#27;[0m
2022-10-14 16:44:06 INFO  OrangeHRMSteps:39 - username and password provided successfully
v  &amp#27;[32mWhen &amp#27;[0m&amp#27;[32mThe user wants to enter Username and Password&amp#27;[0m                     &amp#27;[90m# Code.stepsDefinitions.OrangeHRMSteps.the_user_wants_to_enter_username_and_password()&amp#27;[0m
  &amp#27;[32mThen &amp#27;[0m&amp#27;[32mThe user wants to click on Login button&amp#27;[0m                           &amp#27;[90m# Code.stepsDefinitions.OrangeHRMSteps.the_user_wants_to_click_on_login_button()&amp#27;[0m
Verification is success and test is ending for this step
  &amp#27;[32mAnd &amp#27;[0m&amp#27;[32mThe user wants to verify that browser landed on Dashboard&amp#27;[0m          &amp#27;[90m# Code.stepsDefinitions.OrangeHRMSteps.the_user_wants_to_verify_that_browser_landed_on_dashboard()&amp#27;[0m
  &amp#27;[32mThen &amp#27;[0m&amp#27;[32mThe user wants to click on PIM module&amp#27;[0m                             &amp#27;[90m# Code.stepsDefinitions.OrangeHRMSteps.the_user_wants_to_click_on_pim_module()&amp#27;[0m
  &amp#27;[32mAnd &amp#27;[0m&amp#27;[32mThe user wants to go to Add Employee Page&amp#27;[0m                          &amp#27;[90m# Code.stepsDefinitions.OrangeHRMSteps.the_user_wants_to_go_to_add_employee_page()&amp#27;[0m
2022-10-14 16:44:11 INFO  OrangeHRMHome:63 - Shahnaz is successfully entered
v2022-10-14 16:44:11 INFO  OrangeHRMHome:69 - Renastech is successfully entered
v  &amp#27;[32mThen &amp#27;[0m&amp#27;[32mThe user wants to add employee's first and last name as following&amp#27;[0m &amp#27;[90m# Code.stepsDefinitions.OrangeHRMSteps.the_user_wants_to_add_employee_s_first_and_last_name_as_following(java.util.Map<java.lang.String, java.lang.String>)&amp#27;[0m
    | FirstName | Shahnaz   |
    | LastName  | Renastech |
2022-10-14 16:44:12 INFO  OrangeHRMHome:84 - Create login button was successfully clicked
v2022-10-14 16:44:14 INFO  OrangeHRMSteps:98 - username,password and status of account provided successfully
v  &amp#27;[32mThen &amp#27;[0m&amp#27;[32mThe user wants to add Login Details as following&amp#27;[0m                  &amp#27;[90m# Code.stepsDefinitions.OrangeHRMSteps.the_user_wants_to_add_login_details_as_following(java.util.Map<java.lang.String, java.lang.String>)&amp#27;[0m
    | UserName | sahabb1232    |
    | Password | Renastech34#$ |
    | Status   | Disabled      |
2022-10-14 16:44:15 INFO  OrangeHRMHome:74 - save button successfully clicked
v  &amp#27;[32mThen &amp#27;[0m&amp#27;[32mThe user wants to save personal information&amp#27;[0m                       &amp#27;[90m# Code.stepsDefinitions.OrangeHRMSteps.the_user_wants_to_save_personal_information()&amp#27;[0m
  &amp#27;[31mThen &amp#27;[0m&amp#27;[31mThe user should be able to see &amp#27;[0m&amp#27;[31m&amp#27;[1m"Personal Details"&amp#27;[0m                 &amp#27;[90m# Code.stepsDefinitions.OrangeHRMSteps.the_user_should_be_able_to_see(java.lang.String)&amp#27;[0m
      &amp#27;[31morg.openqa.selenium.NoSuchElementException: no such element: Unable to locate element: {"method":"xpath","selector":"//h1[.='Personal Details']"}
  (Session info: chrome=106.0.5249.119)
For documentation on this error, please visit: https://www.seleniumhq.org/exceptions/no_such_element.html
Build info: version: '3.141.59', revision: 'e82be7d358', time: '2018-11-14T08:17:03'
System info: host: 'Jacquelines-MacBook-Air.local', ip: '2601:646:4100:2a0:8414:3d93:b4f2:ba17%en0', os.name: 'Mac OS X', os.arch: 'x86_64', os.version: '12.5.1', java.version: '1.8.0_331'
Driver info: org.openqa.selenium.chrome.ChromeDriver
Capabilities {acceptInsecureCerts: false, browserName: chrome, browserVersion: 106.0.5249.119, chrome: {chromedriverVersion: 106.0.5249.61 (511755355844..., userDataDir: /var/folders/xz/12dlj9c50f5...}, goog:chromeOptions: {debuggerAddress: localhost:61509}, javascriptEnabled: true, networkConnectionEnabled: false, pageLoadStrategy: normal, platform: MAC, platformName: MAC, proxy: Proxy(), setWindowRect: true, strictFileInteractability: false, timeouts: {implicit: 0, pageLoad: 300000, script: 30000}, unhandledPromptBehavior: dismiss and notify, webauthn:extension:credBlob: true, webauthn:extension:largeBlob: true, webauthn:virtualAuthenticators: true}
Session ID: 40e3128d61455a545436b98ac3753853
*** Element info: {Using=xpath, value=//h1[.='Personal Details']}
	at sun.reflect.NativeConstructorAccessorImpl.newInstance0(Native Method)
	at sun.reflect.NativeConstructorAccessorImpl.newInstance(NativeConstructorAccessorImpl.java:62)
	at sun.reflect.DelegatingConstructorAccessorImpl.newInstance(DelegatingConstructorAccessorImpl.java:45)
	at java.lang.reflect.Constructor.newInstance(Constructor.java:423)
	at org.openqa.selenium.remote.http.W3CHttpResponseCodec.createException(W3CHttpResponseCodec.java:187)
	at org.openqa.selenium.remote.http.W3CHttpResponseCodec.decode(W3CHttpResponseCodec.java:122)
	at org.openqa.selenium.remote.http.W3CHttpResponseCodec.decode(W3CHttpResponseCodec.java:49)
	at org.openqa.selenium.remote.HttpCommandExecutor.execute(HttpCommandExecutor.java:158)
	at org.openqa.selenium.remote.service.DriverCommandExecutor.execute(DriverCommandExecutor.java:83)
	at org.openqa.selenium.remote.RemoteWebDriver.execute(RemoteWebDriver.java:552)
	at org.openqa.selenium.remote.RemoteWebDriver.findElement(RemoteWebDriver.java:323)
	at org.openqa.selenium.remote.RemoteWebDriver.findElementByXPath(RemoteWebDriver.java:428)
	at org.openqa.selenium.By$ByXPath.findElement(By.java:353)
	at org.openqa.selenium.remote.RemoteWebDriver.findElement(RemoteWebDriver.java:315)
	at org.openqa.selenium.support.pagefactory.DefaultElementLocator.findElement(DefaultElementLocator.java:69)
	at org.openqa.selenium.support.pagefactory.internal.LocatingElementHandler.invoke(LocatingElementHandler.java:38)
	at com.sun.proxy.$Proxy18.getText(Unknown Source)
	at Code.pages.OrangeHRMHome.setPersonalDetailsHeader(OrangeHRMHome.java:78)
	at Code.stepsDefinitions.OrangeHRMSteps.the_user_should_be_able_to_see(OrangeHRMSteps.java:83)
	at ✽.The user should be able to see "Personal Details"(file:///Users/jacqueline/IdeaProjects/Cucumber/src/test/resources/OrangeHRM.feature:48)
&amp#27;[0m

    Embedding Adding new employee-create login details [image/png 225191 bytes]

]]></system-out>
  </testcase>
  <testcase name="Adding a new employee-Third format using List" classname="Functional testing on Orange HRM" time="17.45">
    <error message="no such element: Unable to locate element: {&quot;method&quot;:&quot;xpath&quot;,&quot;selector&quot;:&quot;//h1[.=&apos;Personal Details&apos;]&quot;}&#10;  (Session info: chrome=106.0.5249.119)&#10;For documentation on this error, please visit: https://www.seleniumhq.org/exceptions/no_such_element.html&#10;Build info: version: &apos;3.141.59&apos;, revision: &apos;e82be7d358&apos;, time: &apos;2018-11-14T08:17:03&apos;&#10;System info: host: &apos;Jacquelines-MacBook-Air.local&apos;, ip: &apos;2601:646:4100:2a0:8414:3d93:b4f2:ba17%en0&apos;, os.name: &apos;Mac OS X&apos;, os.arch: &apos;x86_64&apos;, os.version: &apos;12.5.1&apos;, java.version: &apos;1.8.0_331&apos;&#10;Driver info: org.openqa.selenium.chrome.ChromeDriver&#10;Capabilities {acceptInsecureCerts: false, browserName: chrome, browserVersion: 106.0.5249.119, chrome: {chromedriverVersion: 106.0.5249.61 (511755355844..., userDataDir: /var/folders/xz/12dlj9c50f5...}, goog:chromeOptions: {debuggerAddress: localhost:61509}, javascriptEnabled: true, networkConnectionEnabled: false, pageLoadStrategy: normal, platform: MAC, platformName: MAC, proxy: Proxy(), setWindowRect: true, strictFileInteractability: false, timeouts: {implicit: 0, pageLoad: 300000, script: 30000}, unhandledPromptBehavior: dismiss and notify, webauthn:extension:credBlob: true, webauthn:extension:largeBlob: true, webauthn:virtualAuthenticators: true}&#10;Session ID: 40e3128d61455a545436b98ac3753853&#10;*** Element info: {Using=xpath, value=//h1[.=&apos;Personal Details&apos;]}" type="org.openqa.selenium.NoSuchElementException"><![CDATA[org.openqa.selenium.NoSuchElementException: 
no such element: Unable to locate element: {"method":"xpath","selector":"//h1[.='Personal Details']"}
  (Session info: chrome=106.0.5249.119)
For documentation on this error, please visit: https://www.seleniumhq.org/exceptions/no_such_element.html
Build info: version: '3.141.59', revision: 'e82be7d358', time: '2018-11-14T08:17:03'
System info: host: 'Jacquelines-MacBook-Air.local', ip: '2601:646:4100:2a0:8414:3d93:b4f2:ba17%en0', os.name: 'Mac OS X', os.arch: 'x86_64', os.version: '12.5.1', java.version: '1.8.0_331'
Driver info: org.openqa.selenium.chrome.ChromeDriver
Capabilities {acceptInsecureCerts: false, browserName: chrome, browserVersion: 106.0.5249.119, chrome: {chromedriverVersion: 106.0.5249.61 (511755355844..., userDataDir: /var/folders/xz/12dlj9c50f5...}, goog:chromeOptions: {debuggerAddress: localhost:61509}, javascriptEnabled: true, networkConnectionEnabled: false, pageLoadStrategy: normal, platform: MAC, platformName: MAC, proxy: Proxy(), setWindowRect: true, strictFileInteractability: false, timeouts: {implicit: 0, pageLoad: 300000, script: 30000}, unhandledPromptBehavior: dismiss and notify, webauthn:extension:credBlob: true, webauthn:extension:largeBlob: true, webauthn:virtualAuthenticators: true}
Session ID: 40e3128d61455a545436b98ac3753853
*** Element info: {Using=xpath, value=//h1[.='Personal Details']}
]]></error>
    <system-out><![CDATA[
@TC400 @Regression
Scenario: Adding a new employee-Third format using List                       &amp#27;[90m# src/test/resources/OrangeHRM.feature:51&amp#27;[0m
2022-10-14 16:44:23 INFO  Hooks:18 - Driver is successfully started
vBrowser is launced and testing started
  &amp#27;[32mGiven &amp#27;[0m&amp#27;[32mThe user wants to go to OrangeHRM Website&amp#27;[0m                             &amp#27;[90m# Code.stepsDefinitions.OrangeHRMSteps.the_user_wants_to_go_to_orange_hrm_website()&amp#27;[0m
2022-10-14 16:44:25 INFO  OrangeHRMSteps:39 - username and password provided successfully
v  &amp#27;[32mWhen &amp#27;[0m&amp#27;[32mThe user wants to enter Username and Password&amp#27;[0m                          &amp#27;[90m# Code.stepsDefinitions.OrangeHRMSteps.the_user_wants_to_enter_username_and_password()&amp#27;[0m
  &amp#27;[32mThen &amp#27;[0m&amp#27;[32mThe user wants to click on Login button&amp#27;[0m                                &amp#27;[90m# Code.stepsDefinitions.OrangeHRMSteps.the_user_wants_to_click_on_login_button()&amp#27;[0m
Verification is success and test is ending for this step
  &amp#27;[32mAnd &amp#27;[0m&amp#27;[32mThe user wants to verify that browser landed on Dashboard&amp#27;[0m               &amp#27;[90m# Code.stepsDefinitions.OrangeHRMSteps.the_user_wants_to_verify_that_browser_landed_on_dashboard()&amp#27;[0m
  &amp#27;[32mThen &amp#27;[0m&amp#27;[32mThe user wants to click on PIM module&amp#27;[0m                                  &amp#27;[90m# Code.stepsDefinitions.OrangeHRMSteps.the_user_wants_to_click_on_pim_module()&amp#27;[0m
  &amp#27;[32mAnd &amp#27;[0m&amp#27;[32mThe user wants to go to Add Employee Page&amp#27;[0m                               &amp#27;[90m# Code.stepsDefinitions.OrangeHRMSteps.the_user_wants_to_go_to_add_employee_page()&amp#27;[0m
2022-10-14 16:44:29 INFO  OrangeHRMHome:63 - Serhat is successfully entered
v2022-10-14 16:44:29 INFO  OrangeHRMHome:69 - Renastech23$ is successfully entered
v  &amp#27;[32mThen &amp#27;[0m&amp#27;[32mThe user wants to add employee's first and last name as following list&amp#27;[0m &amp#27;[90m# Code.stepsDefinitions.OrangeHRMSteps.the_user_wants_to_add_employee_s_first_and_last_name_as_following_list(java.util.List<java.util.List<java.lang.String>>)&amp#27;[0m
    | Serhat | Renastech23$ |
2022-10-14 16:44:30 INFO  OrangeHRMHome:84 - Create login button was successfully clicked
v  &amp#27;[32mThen &amp#27;[0m&amp#27;[32mThe user wants to add Login in a  List way&amp#27;[0m                             &amp#27;[90m# Code.stepsDefinitions.OrangeHRMSteps.the_user_wants_to_add_login_in_a_list_way(java.util.List<java.util.List<java.lang.String>>)&amp#27;[0m
    | reanastech2344 | Renastech2022#$. | Disabled |
2022-10-14 16:44:33 INFO  OrangeHRMHome:74 - save button successfully clicked
v  &amp#27;[32mThen &amp#27;[0m&amp#27;[32mThe user wants to save personal information&amp#27;[0m                            &amp#27;[90m# Code.stepsDefinitions.OrangeHRMSteps.the_user_wants_to_save_personal_information()&amp#27;[0m
  &amp#27;[31mThen &amp#27;[0m&amp#27;[31mThe user should be able to see &amp#27;[0m&amp#27;[31m&amp#27;[1m"Personal Details"&amp#27;[0m                      &amp#27;[90m# Code.stepsDefinitions.OrangeHRMSteps.the_user_should_be_able_to_see(java.lang.String)&amp#27;[0m
      &amp#27;[31morg.openqa.selenium.NoSuchElementException: no such element: Unable to locate element: {"method":"xpath","selector":"//h1[.='Personal Details']"}
  (Session info: chrome=106.0.5249.119)
For documentation on this error, please visit: https://www.seleniumhq.org/exceptions/no_such_element.html
Build info: version: '3.141.59', revision: 'e82be7d358', time: '2018-11-14T08:17:03'
System info: host: 'Jacquelines-MacBook-Air.local', ip: '2601:646:4100:2a0:8414:3d93:b4f2:ba17%en0', os.name: 'Mac OS X', os.arch: 'x86_64', os.version: '12.5.1', java.version: '1.8.0_331'
Driver info: org.openqa.selenium.chrome.ChromeDriver
Capabilities {acceptInsecureCerts: false, browserName: chrome, browserVersion: 106.0.5249.119, chrome: {chromedriverVersion: 106.0.5249.61 (511755355844..., userDataDir: /var/folders/xz/12dlj9c50f5...}, goog:chromeOptions: {debuggerAddress: localhost:61509}, javascriptEnabled: true, networkConnectionEnabled: false, pageLoadStrategy: normal, platform: MAC, platformName: MAC, proxy: Proxy(), setWindowRect: true, strictFileInteractability: false, timeouts: {implicit: 0, pageLoad: 300000, script: 30000}, unhandledPromptBehavior: dismiss and notify, webauthn:extension:credBlob: true, webauthn:extension:largeBlob: true, webauthn:virtualAuthenticators: true}
Session ID: 40e3128d61455a545436b98ac3753853
*** Element info: {Using=xpath, value=//h1[.='Personal Details']}
	at sun.reflect.NativeConstructorAccessorImpl.newInstance0(Native Method)
	at sun.reflect.NativeConstructorAccessorImpl.newInstance(NativeConstructorAccessorImpl.java:62)
	at sun.reflect.DelegatingConstructorAccessorImpl.newInstance(DelegatingConstructorAccessorImpl.java:45)
	at java.lang.reflect.Constructor.newInstance(Constructor.java:423)
	at org.openqa.selenium.remote.http.W3CHttpResponseCodec.createException(W3CHttpResponseCodec.java:187)
	at org.openqa.selenium.remote.http.W3CHttpResponseCodec.decode(W3CHttpResponseCodec.java:122)
	at org.openqa.selenium.remote.http.W3CHttpResponseCodec.decode(W3CHttpResponseCodec.java:49)
	at org.openqa.selenium.remote.HttpCommandExecutor.execute(HttpCommandExecutor.java:158)
	at org.openqa.selenium.remote.service.DriverCommandExecutor.execute(DriverCommandExecutor.java:83)
	at org.openqa.selenium.remote.RemoteWebDriver.execute(RemoteWebDriver.java:552)
	at org.openqa.selenium.remote.RemoteWebDriver.findElement(RemoteWebDriver.java:323)
	at org.openqa.selenium.remote.RemoteWebDriver.findElementByXPath(RemoteWebDriver.java:428)
	at org.openqa.selenium.By$ByXPath.findElement(By.java:353)
	at org.openqa.selenium.remote.RemoteWebDriver.findElement(RemoteWebDriver.java:315)
	at org.openqa.selenium.support.pagefactory.DefaultElementLocator.findElement(DefaultElementLocator.java:69)
	at org.openqa.selenium.support.pagefactory.internal.LocatingElementHandler.invoke(LocatingElementHandler.java:38)
	at com.sun.proxy.$Proxy18.getText(Unknown Source)
	at Code.pages.OrangeHRMHome.setPersonalDetailsHeader(OrangeHRMHome.java:78)
	at Code.stepsDefinitions.OrangeHRMSteps.the_user_should_be_able_to_see(OrangeHRMSteps.java:83)
	at ✽.The user should be able to see "Personal Details"(file:///Users/jacqueline/IdeaProjects/Cucumber/src/test/resources/OrangeHRM.feature:65)
&amp#27;[0m

    Embedding Adding a new employee-Third format using List [image/png 225191 bytes]

]]></system-out>
  </testcase>
</testsuite>